<?xml version="1.0" encoding="UTF-8"?>
<!-- Generated by org.testng.reporters.JUnitReportReporter -->
<testsuite hostname="LTIN431151" failures="0" tests="1" name="testCases.LaunchTheBrowser" time="6.094" errors="0" timestamp="2024-10-08T13:59:48 IST" skipped="0">
  <testcase classname="testCases.LaunchTheBrowser" name="SignUp" time="6.094"/>
</testsuite> <!-- testCases.LaunchTheBrowser -->
